This file contains any messages produced by compilers while
running configure, to aid debugging if configure makes a mistake.

It was created by tag configure 0.5.0, which was
generated by GNU Autoconf 2.69.  Invocation command line was

  $ ./configure --no-create --no-recursion

## --------- ##
## Platform. ##
## --------- ##

hostname = ThinkPad-T1337
uname -m = x86_64
uname -r = 4.13.0-38-generic
uname -s = Linux
uname -v = #43~16.04.1-Ubuntu SMP Wed Mar 14 17:48:43 UTC 2018

/usr/bin/uname -p = unknown
/bin/uname -X     = unknown

/bin/arch              = unknown
/usr/bin/arch -k       = unknown
/usr/convex/getsysinfo = unknown
/usr/bin/hostinfo      = unknown
/bin/machine           = unknown
/usr/bin/oslevel       = unknown
/bin/universe          = unknown

PATH: /home/attila/bin
PATH: /home/attila/.local/bin
PATH: /usr/local/sbin
PATH: /usr/local/bin
PATH: /usr/sbin
PATH: /usr/bin
PATH: /sbin
PATH: /bin
PATH: /usr/games
PATH: /usr/local/games
PATH: /snap/bin


## ----------- ##
## Core tests. ##
## ----------- ##

configure:2178: checking for a BSD-compatible install
configure:2246: result: /usr/bin/install -c
configure:2257: checking whether build environment is sane
configure:2312: result: yes
configure:2463: checking for a thread-safe mkdir -p
configure:2502: result: /bin/mkdir -p
configure:2509: checking for gawk
configure:2539: result: no
configure:2509: checking for mawk
configure:2525: found /usr/bin/mawk
configure:2536: result: mawk
configure:2547: checking whether make sets $(MAKE)
configure:2569: result: yes
configure:2598: checking whether make supports nested variables
configure:2615: result: yes
configure:2770: checking build system type
configure:2784: result: x86_64-pc-linux-gnu
configure:2804: checking host system type
configure:2817: result: x86_64-pc-linux-gnu
configure:2858: checking how to print strings
configure:2885: result: printf
configure:2918: checking for style of include used by make
configure:2946: result: GNU
configure:3017: checking for gcc
configure:3033: found /usr/bin/gcc
configure:3044: result: gcc
configure:3273: checking for C compiler version
configure:3282: gcc --version >&5
gcc (Ubuntu 5.4.0-6ubuntu1~16.04.9) 5.4.0 20160609
Copyright (C) 2015 Free Software Foundation, Inc.
This is free software; see the source for copying conditions.  There is NO
warranty; not even for MERCHANTABILITY or FITNESS FOR A PARTICULAR PURPOSE.

configure:3293: $? = 0
configure:3282: gcc -v >&5
Using built-in specs.
COLLECT_GCC=gcc
COLLECT_LTO_WRAPPER=/usr/lib/gcc/x86_64-linux-gnu/5/lto-wrapper
Target: x86_64-linux-gnu
Configured with: ../src/configure -v --with-pkgversion='Ubuntu 5.4.0-6ubuntu1~16.04.9' --with-bugurl=file:///usr/share/doc/gcc-5/README.Bugs --enable-languages=c,ada,c++,java,go,d,fortran,objc,obj-c++ --prefix=/usr --program-suffix=-5 --enable-shared --enable-linker-build-id --libexecdir=/usr/lib --without-included-gettext --enable-threads=posix --libdir=/usr/lib --enable-nls --with-sysroot=/ --enable-clocale=gnu --enable-libstdcxx-debug --enable-libstdcxx-time=yes --with-default-libstdcxx-abi=new --enable-gnu-unique-object --disable-vtable-verify --enable-libmpx --enable-plugin --with-system-zlib --disable-browser-plugin --enable-java-awt=gtk --enable-gtk-cairo --with-java-home=/usr/lib/jvm/java-1.5.0-gcj-5-amd64/jre --enable-java-home --with-jvm-root-dir=/usr/lib/jvm/java-1.5.0-gcj-5-amd64 --with-jvm-jar-dir=/usr/lib/jvm-exports/java-1.5.0-gcj-5-amd64 --with-arch-directory=amd64 --with-ecj-jar=/usr/share/java/eclipse-ecj.jar --enable-objc-gc --enable-multiarch --disable-werror --with-arch-32=i686 --with-abi=m64 --with-multilib-list=m32,m64,mx32 --enable-multilib --with-tune=generic --enable-checking=release --build=x86_64-linux-gnu --host=x86_64-linux-gnu --target=x86_64-linux-gnu
Thread model: posix
gcc version 5.4.0 20160609 (Ubuntu 5.4.0-6ubuntu1~16.04.9) 
configure:3293: $? = 0
configure:3282: gcc -V >&5
gcc: error: unrecognized command line option '-V'
gcc: fatal error: no input files
compilation terminated.
configure:3293: $? = 1
configure:3282: gcc -qversion >&5
gcc: error: unrecognized command line option '-qversion'
gcc: fatal error: no input files
compilation terminated.
configure:3293: $? = 1
configure:3313: checking whether the C compiler works
configure:3335: gcc    conftest.c  >&5
configure:3339: $? = 0
configure:3387: result: yes
configure:3390: checking for C compiler default output file name
configure:3392: result: a.out
configure:3398: checking for suffix of executables
configure:3405: gcc -o conftest    conftest.c  >&5
configure:3409: $? = 0
configure:3431: result: 
configure:3453: checking whether we are cross compiling
configure:3461: gcc -o conftest    conftest.c  >&5
configure:3465: $? = 0
configure:3472: ./conftest
configure:3476: $? = 0
configure:3491: result: no
configure:3496: checking for suffix of object files
configure:3518: gcc -c   conftest.c >&5
configure:3522: $? = 0
configure:3543: result: o
configure:3547: checking whether we are using the GNU C compiler
configure:3566: gcc -c   conftest.c >&5
configure:3566: $? = 0
configure:3575: result: yes
configure:3584: checking whether gcc accepts -g
configure:3604: gcc -c -g  conftest.c >&5
configure:3604: $? = 0
configure:3645: result: yes
configure:3662: checking for gcc option to accept ISO C89
configure:3725: gcc  -c -g -O2  conftest.c >&5
configure:3725: $? = 0
configure:3738: result: none needed
configure:3763: checking whether gcc understands -c and -o together
configure:3785: gcc -c conftest.c -o conftest2.o
configure:3788: $? = 0
configure:3785: gcc -c conftest.c -o conftest2.o
configure:3788: $? = 0
configure:3800: result: yes
configure:3819: checking dependency style of gcc
configure:3930: result: gcc3
configure:3945: checking for a sed that does not truncate output
configure:4009: result: /bin/sed
configure:4027: checking for grep that handles long lines and -e
configure:4085: result: /bin/grep
configure:4090: checking for egrep
configure:4152: result: /bin/grep -E
configure:4157: checking for fgrep
configure:4219: result: /bin/grep -F
configure:4254: checking for ld used by gcc
configure:4321: result: /usr/bin/ld
configure:4328: checking if the linker (/usr/bin/ld) is GNU ld
configure:4343: result: yes
configure:4355: checking for BSD- or MS-compatible name lister (nm)
configure:4409: result: /usr/bin/nm -B
configure:4539: checking the name lister (/usr/bin/nm -B) interface
configure:4546: gcc -c -g -O2  conftest.c >&5
configure:4549: /usr/bin/nm -B "conftest.o"
configure:4552: output
0000000000000000 B some_variable
configure:4559: result: BSD nm
configure:4562: checking whether ln -s works
configure:4566: result: yes
configure:4574: checking the maximum length of command line arguments
configure:4705: result: 1572864
configure:4753: checking how to convert x86_64-pc-linux-gnu file names to x86_64-pc-linux-gnu format
configure:4793: result: func_convert_file_noop
configure:4800: checking how to convert x86_64-pc-linux-gnu file names to toolchain format
configure:4820: result: func_convert_file_noop
configure:4827: checking for /usr/bin/ld option to reload object files
configure:4834: result: -r
configure:4908: checking for objdump
configure:4924: found /usr/bin/objdump
configure:4935: result: objdump
configure:4967: checking how to recognize dependent libraries
configure:5167: result: pass_all
configure:5252: checking for dlltool
configure:5282: result: no
configure:5312: checking how to associate runtime and link libraries
configure:5339: result: printf %s\n
configure:5400: checking for ar
configure:5416: found /usr/bin/ar
configure:5427: result: ar
configure:5464: checking for archiver @FILE support
configure:5481: gcc -c -g -O2  conftest.c >&5
configure:5481: $? = 0
configure:5484: ar cru libconftest.a @conftest.lst >&5
ar: `u' modifier ignored since `D' is the default (see `U')
configure:5487: $? = 0
configure:5492: ar cru libconftest.a @conftest.lst >&5
ar: `u' modifier ignored since `D' is the default (see `U')
ar: conftest.o: No such file or directory
configure:5495: $? = 1
configure:5507: result: @
configure:5565: checking for strip
configure:5581: found /usr/bin/strip
configure:5592: result: strip
configure:5664: checking for ranlib
configure:5680: found /usr/bin/ranlib
configure:5691: result: ranlib
configure:5793: checking command to parse /usr/bin/nm -B output from gcc object
configure:5946: gcc -c -g -O2  conftest.c >&5
configure:5949: $? = 0
configure:5953: /usr/bin/nm -B conftest.o \| sed -n -e 's/^.*[ ]\([ABCDGIRSTW][ABCDGIRSTW]*\)[ ][ ]*\([_A-Za-z][_A-Za-z0-9]*\)$/\1 \2 \2/p' | sed '/ __gnu_lto/d' \> conftest.nm
configure:5956: $? = 0
configure:6022: gcc -o conftest -g -O2   conftest.c conftstm.o >&5
configure:6025: $? = 0
configure:6063: result: ok
configure:6110: checking for sysroot
configure:6140: result: no
configure:6147: checking for a working dd
configure:6185: result: /bin/dd
configure:6189: checking how to truncate binary pipes
configure:6204: result: /bin/dd bs=4096 count=1
configure:6340: gcc -c -g -O2  conftest.c >&5
configure:6343: $? = 0
configure:6533: checking for mt
configure:6549: found /bin/mt
configure:6560: result: mt
configure:6583: checking if mt is a manifest tool
configure:6589: mt '-?'
configure:6597: result: no
configure:7274: checking how to run the C preprocessor
configure:7305: gcc -E  conftest.c
configure:7305: $? = 0
configure:7319: gcc -E  conftest.c
conftest.c:11:28: fatal error: ac_nonexistent.h: No such file or directory
compilation terminated.
configure:7319: $? = 1
configure: failed program was:
| /* confdefs.h */
| #define PACKAGE_NAME "tag"
| #define PACKAGE_TARNAME "tag"
| #define PACKAGE_VERSION "0.5.0"
| #define PACKAGE_STRING "tag 0.5.0"
| #define PACKAGE_BUGREPORT "yoann.foreau@protonmail.com"
| #define PACKAGE_URL ""
| #define PACKAGE "tag"
| #define VERSION "0.5.0"
| /* end confdefs.h.  */
| #include <ac_nonexistent.h>
configure:7344: result: gcc -E
configure:7364: gcc -E  conftest.c
configure:7364: $? = 0
configure:7378: gcc -E  conftest.c
conftest.c:11:28: fatal error: ac_nonexistent.h: No such file or directory
compilation terminated.
configure:7378: $? = 1
configure: failed program was:
| /* confdefs.h */
| #define PACKAGE_NAME "tag"
| #define PACKAGE_TARNAME "tag"
| #define PACKAGE_VERSION "0.5.0"
| #define PACKAGE_STRING "tag 0.5.0"
| #define PACKAGE_BUGREPORT "yoann.foreau@protonmail.com"
| #define PACKAGE_URL ""
| #define PACKAGE "tag"
| #define VERSION "0.5.0"
| /* end confdefs.h.  */
| #include <ac_nonexistent.h>
configure:7407: checking for ANSI C header files
configure:7427: gcc -c -g -O2  conftest.c >&5
configure:7427: $? = 0
configure:7500: gcc -o conftest -g -O2   conftest.c  >&5
configure:7500: $? = 0
configure:7500: ./conftest
configure:7500: $? = 0
configure:7511: result: yes
configure:7524: checking for sys/types.h
configure:7524: gcc -c -g -O2  conftest.c >&5
configure:7524: $? = 0
configure:7524: result: yes
configure:7524: checking for sys/stat.h
configure:7524: gcc -c -g -O2  conftest.c >&5
configure:7524: $? = 0
configure:7524: result: yes
configure:7524: checking for stdlib.h
configure:7524: gcc -c -g -O2  conftest.c >&5
configure:7524: $? = 0
configure:7524: result: yes
configure:7524: checking for string.h
configure:7524: gcc -c -g -O2  conftest.c >&5
configure:7524: $? = 0
configure:7524: result: yes
configure:7524: checking for memory.h
configure:7524: gcc -c -g -O2  conftest.c >&5
configure:7524: $? = 0
configure:7524: result: yes
configure:7524: checking for strings.h
configure:7524: gcc -c -g -O2  conftest.c >&5
configure:7524: $? = 0
configure:7524: result: yes
configure:7524: checking for inttypes.h
configure:7524: gcc -c -g -O2  conftest.c >&5
configure:7524: $? = 0
configure:7524: result: yes
configure:7524: checking for stdint.h
configure:7524: gcc -c -g -O2  conftest.c >&5
configure:7524: $? = 0
configure:7524: result: yes
configure:7524: checking for unistd.h
configure:7524: gcc -c -g -O2  conftest.c >&5
configure:7524: $? = 0
configure:7524: result: yes
configure:7538: checking for dlfcn.h
configure:7538: gcc -c -g -O2  conftest.c >&5
configure:7538: $? = 0
configure:7538: result: yes
configure:7794: checking for objdir
configure:7809: result: .libs
configure:8069: checking if gcc supports -fno-rtti -fno-exceptions
configure:8087: gcc -c -g -O2  -fno-rtti -fno-exceptions conftest.c >&5
cc1: warning: command line option '-fno-rtti' is valid for C++/ObjC++ but not for C
configure:8091: $? = 0
configure:8104: result: no
configure:8462: checking for gcc option to produce PIC
configure:8469: result: -fPIC -DPIC
configure:8477: checking if gcc PIC flag -fPIC -DPIC works
configure:8495: gcc -c -g -O2  -fPIC -DPIC -DPIC conftest.c >&5
configure:8499: $? = 0
configure:8512: result: yes
configure:8541: checking if gcc static flag -static works
configure:8569: result: yes
configure:8584: checking if gcc supports -c -o file.o
configure:8605: gcc -c -g -O2  -o out/conftest2.o conftest.c >&5
configure:8609: $? = 0
configure:8631: result: yes
configure:8639: checking if gcc supports -c -o file.o
configure:8686: result: yes
configure:8719: checking whether the gcc linker (/usr/bin/ld -m elf_x86_64) supports shared libraries
configure:9982: result: yes
configure:10019: checking whether -lc should be explicitly linked in
configure:10027: gcc -c -g -O2  conftest.c >&5
configure:10030: $? = 0
configure:10045: gcc -shared  -fPIC -DPIC conftest.o  -v -Wl,-soname -Wl,conftest -o conftest 2\>\&1 \| /bin/grep  -lc  \>/dev/null 2\>\&1
configure:10048: $? = 0
configure:10062: result: no
configure:10222: checking dynamic linker characteristics
configure:10803: gcc -o conftest -g -O2   -Wl,-rpath -Wl,/foo conftest.c  >&5
configure:10803: $? = 0
configure:11052: result: GNU/Linux ld.so
configure:11174: checking how to hardcode library paths into programs
configure:11199: result: immediate
configure:11747: checking whether stripping libraries is possible
configure:11752: result: yes
configure:11787: checking if libtool supports shared libraries
configure:11789: result: yes
configure:11792: checking whether to build shared libraries
configure:11817: result: yes
configure:11820: checking whether to build static libraries
configure:11824: result: yes
configure:11909: checking for gcc
configure:11936: result: gcc
configure:12165: checking for C compiler version
configure:12174: gcc --version >&5
gcc (Ubuntu 5.4.0-6ubuntu1~16.04.9) 5.4.0 20160609
Copyright (C) 2015 Free Software Foundation, Inc.
This is free software; see the source for copying conditions.  There is NO
warranty; not even for MERCHANTABILITY or FITNESS FOR A PARTICULAR PURPOSE.

configure:12185: $? = 0
configure:12174: gcc -v >&5
Using built-in specs.
COLLECT_GCC=gcc
COLLECT_LTO_WRAPPER=/usr/lib/gcc/x86_64-linux-gnu/5/lto-wrapper
Target: x86_64-linux-gnu
Configured with: ../src/configure -v --with-pkgversion='Ubuntu 5.4.0-6ubuntu1~16.04.9' --with-bugurl=file:///usr/share/doc/gcc-5/README.Bugs --enable-languages=c,ada,c++,java,go,d,fortran,objc,obj-c++ --prefix=/usr --program-suffix=-5 --enable-shared --enable-linker-build-id --libexecdir=/usr/lib --without-included-gettext --enable-threads=posix --libdir=/usr/lib --enable-nls --with-sysroot=/ --enable-clocale=gnu --enable-libstdcxx-debug --enable-libstdcxx-time=yes --with-default-libstdcxx-abi=new --enable-gnu-unique-object --disable-vtable-verify --enable-libmpx --enable-plugin --with-system-zlib --disable-browser-plugin --enable-java-awt=gtk --enable-gtk-cairo --with-java-home=/usr/lib/jvm/java-1.5.0-gcj-5-amd64/jre --enable-java-home --with-jvm-root-dir=/usr/lib/jvm/java-1.5.0-gcj-5-amd64 --with-jvm-jar-dir=/usr/lib/jvm-exports/java-1.5.0-gcj-5-amd64 --with-arch-directory=amd64 --with-ecj-jar=/usr/share/java/eclipse-ecj.jar --enable-objc-gc --enable-multiarch --disable-werror --with-arch-32=i686 --with-abi=m64 --with-multilib-list=m32,m64,mx32 --enable-multilib --with-tune=generic --enable-checking=release --build=x86_64-linux-gnu --host=x86_64-linux-gnu --target=x86_64-linux-gnu
Thread model: posix
gcc version 5.4.0 20160609 (Ubuntu 5.4.0-6ubuntu1~16.04.9) 
configure:12185: $? = 0
configure:12174: gcc -V >&5
gcc: error: unrecognized command line option '-V'
gcc: fatal error: no input files
compilation terminated.
configure:12185: $? = 1
configure:12174: gcc -qversion >&5
gcc: error: unrecognized command line option '-qversion'
gcc: fatal error: no input files
compilation terminated.
configure:12185: $? = 1
configure:12189: checking whether we are using the GNU C compiler
configure:12217: result: yes
configure:12226: checking whether gcc accepts -g
configure:12287: result: yes
configure:12304: checking for gcc option to accept ISO C89
configure:12380: result: none needed
configure:12405: checking whether gcc understands -c and -o together
configure:12442: result: yes
configure:12461: checking dependency style of gcc
configure:12572: result: gcc3
configure:12734: checking that generated files are newer than configure
configure:12740: result: done
configure:12767: creating ./config.status

## ---------------- ##
## Cache variables. ##
## ---------------- ##

ac_cv_build=x86_64-pc-linux-gnu
ac_cv_c_compiler_gnu=yes
ac_cv_env_CC_set=
ac_cv_env_CC_value=
ac_cv_env_CFLAGS_set=
ac_cv_env_CFLAGS_value=
ac_cv_env_CPPFLAGS_set=
ac_cv_env_CPPFLAGS_value=
ac_cv_env_CPP_set=
ac_cv_env_CPP_value=
ac_cv_env_LDFLAGS_set=
ac_cv_env_LDFLAGS_value=
ac_cv_env_LIBS_set=
ac_cv_env_LIBS_value=
ac_cv_env_LT_SYS_LIBRARY_PATH_set=
ac_cv_env_LT_SYS_LIBRARY_PATH_value=
ac_cv_env_build_alias_set=
ac_cv_env_build_alias_value=
ac_cv_env_host_alias_set=
ac_cv_env_host_alias_value=
ac_cv_env_target_alias_set=
ac_cv_env_target_alias_value=
ac_cv_header_dlfcn_h=yes
ac_cv_header_inttypes_h=yes
ac_cv_header_memory_h=yes
ac_cv_header_stdc=yes
ac_cv_header_stdint_h=yes
ac_cv_header_stdlib_h=yes
ac_cv_header_string_h=yes
ac_cv_header_strings_h=yes
ac_cv_header_sys_stat_h=yes
ac_cv_header_sys_types_h=yes
ac_cv_header_unistd_h=yes
ac_cv_host=x86_64-pc-linux-gnu
ac_cv_objext=o
ac_cv_path_EGREP='/bin/grep -E'
ac_cv_path_FGREP='/bin/grep -F'
ac_cv_path_GREP=/bin/grep
ac_cv_path_SED=/bin/sed
ac_cv_path_install='/usr/bin/install -c'
ac_cv_path_lt_DD=/bin/dd
ac_cv_path_mkdir=/bin/mkdir
ac_cv_prog_AWK=mawk
ac_cv_prog_CPP='gcc -E'
ac_cv_prog_ac_ct_AR=ar
ac_cv_prog_ac_ct_CC=gcc
ac_cv_prog_ac_ct_MANIFEST_TOOL=mt
ac_cv_prog_ac_ct_OBJDUMP=objdump
ac_cv_prog_ac_ct_RANLIB=ranlib
ac_cv_prog_ac_ct_STRIP=strip
ac_cv_prog_cc_c89=
ac_cv_prog_cc_g=yes
ac_cv_prog_make_make_set=yes
am_cv_CC_dependencies_compiler_type=gcc3
am_cv_make_support_nested_variables=yes
am_cv_prog_cc_c_o=yes
lt_cv_ar_at_file=@
lt_cv_archive_cmds_need_lc=no
lt_cv_deplibs_check_method=pass_all
lt_cv_file_magic_cmd='$MAGIC_CMD'
lt_cv_file_magic_test_file=
lt_cv_ld_reload_flag=-r
lt_cv_nm_interface='BSD nm'
lt_cv_objdir=.libs
lt_cv_path_LD=/usr/bin/ld
lt_cv_path_NM='/usr/bin/nm -B'
lt_cv_path_mainfest_tool=no
lt_cv_prog_compiler_c_o=yes
lt_cv_prog_compiler_pic='-fPIC -DPIC'
lt_cv_prog_compiler_pic_works=yes
lt_cv_prog_compiler_rtti_exceptions=no
lt_cv_prog_compiler_static_works=yes
lt_cv_prog_gnu_ld=yes
lt_cv_sharedlib_from_linklib_cmd='printf %s\n'
lt_cv_shlibpath_overrides_runpath=no
lt_cv_sys_global_symbol_pipe='sed -n -e '\''s/^.*[	 ]\([ABCDGIRSTW][ABCDGIRSTW]*\)[	 ][	 ]*\([_A-Za-z][_A-Za-z0-9]*\)$/\1 \2 \2/p'\'' | sed '\''/ __gnu_lto/d'\'''
lt_cv_sys_global_symbol_to_c_name_address='sed -n -e '\''s/^: \(.*\) .*$/  {"\1", (void *) 0},/p'\'' -e '\''s/^[ABCDGIRSTW][ABCDGIRSTW]* .* \(.*\)$/  {"\1", (void *) \&\1},/p'\'''
lt_cv_sys_global_symbol_to_c_name_address_lib_prefix='sed -n -e '\''s/^: \(.*\) .*$/  {"\1", (void *) 0},/p'\'' -e '\''s/^[ABCDGIRSTW][ABCDGIRSTW]* .* \(lib.*\)$/  {"\1", (void *) \&\1},/p'\'' -e '\''s/^[ABCDGIRSTW][ABCDGIRSTW]* .* \(.*\)$/  {"lib\1", (void *) \&\1},/p'\'''
lt_cv_sys_global_symbol_to_cdecl='sed -n -e '\''s/^T .* \(.*\)$/extern int \1();/p'\'' -e '\''s/^[ABCDGIRSTW][ABCDGIRSTW]* .* \(.*\)$/extern char \1;/p'\'''
lt_cv_sys_global_symbol_to_import=
lt_cv_sys_max_cmd_len=1572864
lt_cv_to_host_file_cmd=func_convert_file_noop
lt_cv_to_tool_file_cmd=func_convert_file_noop
lt_cv_truncate_bin='/bin/dd bs=4096 count=1'

## ----------------- ##
## Output variables. ##
## ----------------- ##

ACLOCAL='${SHELL} /home/attila/ATOM/180508A-libtag/missing aclocal-1.15'
AMDEPBACKSLASH='\'
AMDEP_FALSE='#'
AMDEP_TRUE=''
AMTAR='$${TAR-tar}'
AM_BACKSLASH='\'
AM_DEFAULT_V='$(AM_DEFAULT_VERBOSITY)'
AM_DEFAULT_VERBOSITY='1'
AM_V='$(V)'
AR='ar'
AUTOCONF='${SHELL} /home/attila/ATOM/180508A-libtag/missing autoconf'
AUTOHEADER='${SHELL} /home/attila/ATOM/180508A-libtag/missing autoheader'
AUTOMAKE='${SHELL} /home/attila/ATOM/180508A-libtag/missing automake-1.15'
AWK='mawk'
CC='gcc'
CCDEPMODE='depmode=gcc3'
CFLAGS='-g -O2'
CPP='gcc -E'
CPPFLAGS=''
CYGPATH_W='echo'
DEFS='-DPACKAGE_NAME=\"tag\" -DPACKAGE_TARNAME=\"tag\" -DPACKAGE_VERSION=\"0.5.0\" -DPACKAGE_STRING=\"tag\ 0.5.0\" -DPACKAGE_BUGREPORT=\"yoann.foreau@protonmail.com\" -DPACKAGE_URL=\"\" -DPACKAGE=\"tag\" -DVERSION=\"0.5.0\" -DSTDC_HEADERS=1 -DHAVE_SYS_TYPES_H=1 -DHAVE_SYS_STAT_H=1 -DHAVE_STDLIB_H=1 -DHAVE_STRING_H=1 -DHAVE_MEMORY_H=1 -DHAVE_STRINGS_H=1 -DHAVE_INTTYPES_H=1 -DHAVE_STDINT_H=1 -DHAVE_UNISTD_H=1 -DHAVE_DLFCN_H=1 -DLT_OBJDIR=\".libs/\"'
DEPDIR='.deps'
DLLTOOL='false'
DSYMUTIL=''
DUMPBIN=''
ECHO_C=''
ECHO_N='-n'
ECHO_T=''
EGREP='/bin/grep -E'
EXEEXT=''
FGREP='/bin/grep -F'
GREP='/bin/grep'
INSTALL_DATA='${INSTALL} -m 644'
INSTALL_PROGRAM='${INSTALL}'
INSTALL_SCRIPT='${INSTALL}'
INSTALL_STRIP_PROGRAM='$(install_sh) -c -s'
LD='/usr/bin/ld -m elf_x86_64'
LDFLAGS=''
LIBOBJS=''
LIBS=''
LIBTOOL='$(SHELL) $(top_builddir)/libtool'
LIPO=''
LN_S='ln -s'
LTLIBOBJS=''
LT_SYS_LIBRARY_PATH=''
MAKEINFO='${SHELL} /home/attila/ATOM/180508A-libtag/missing makeinfo'
MANIFEST_TOOL=':'
MKDIR_P='/bin/mkdir -p'
NM='/usr/bin/nm -B'
NMEDIT=''
OBJDUMP='objdump'
OBJEXT='o'
OTOOL64=''
OTOOL=''
PACKAGE='tag'
PACKAGE_BUGREPORT='yoann.foreau@protonmail.com'
PACKAGE_NAME='tag'
PACKAGE_STRING='tag 0.5.0'
PACKAGE_TARNAME='tag'
PACKAGE_URL=''
PACKAGE_VERSION='0.5.0'
PATH_SEPARATOR=':'
RANLIB='ranlib'
SED='/bin/sed'
SET_MAKE=''
SHELL='/bin/bash'
STRIP='strip'
VERSION='0.5.0'
ac_ct_AR='ar'
ac_ct_CC='gcc'
ac_ct_DUMPBIN=''
am__EXEEXT_FALSE=''
am__EXEEXT_TRUE='#'
am__fastdepCC_FALSE='#'
am__fastdepCC_TRUE=''
am__include='include'
am__isrc=''
am__leading_dot='.'
am__nodep='_no'
am__quote=''
am__tar='$${TAR-tar} chof - "$$tardir"'
am__untar='$${TAR-tar} xf -'
bindir='${exec_prefix}/bin'
build='x86_64-pc-linux-gnu'
build_alias=''
build_cpu='x86_64'
build_os='linux-gnu'
build_vendor='pc'
datadir='${datarootdir}'
datarootdir='${prefix}/share'
docdir='${datarootdir}/doc/${PACKAGE_TARNAME}'
dvidir='${docdir}'
exec_prefix='${prefix}'
host='x86_64-pc-linux-gnu'
host_alias=''
host_cpu='x86_64'
host_os='linux-gnu'
host_vendor='pc'
htmldir='${docdir}'
includedir='${prefix}/include'
infodir='${datarootdir}/info'
install_sh='${SHELL} /home/attila/ATOM/180508A-libtag/install-sh'
libdir='${exec_prefix}/lib'
libexecdir='${exec_prefix}/libexec'
localedir='${datarootdir}/locale'
localstatedir='${prefix}/var'
mandir='${datarootdir}/man'
mkdir_p='$(MKDIR_P)'
oldincludedir='/usr/include'
pdfdir='${docdir}'
prefix='/usr/local'
program_transform_name='s,x,x,'
psdir='${docdir}'
runstatedir='${localstatedir}/run'
sbindir='${exec_prefix}/sbin'
sharedstatedir='${prefix}/com'
sysconfdir='${prefix}/etc'
target_alias=''

## ----------- ##
## confdefs.h. ##
## ----------- ##

/* confdefs.h */
#define PACKAGE_NAME "tag"
#define PACKAGE_TARNAME "tag"
#define PACKAGE_VERSION "0.5.0"
#define PACKAGE_STRING "tag 0.5.0"
#define PACKAGE_BUGREPORT "yoann.foreau@protonmail.com"
#define PACKAGE_URL ""
#define PACKAGE "tag"
#define VERSION "0.5.0"
#define STDC_HEADERS 1
#define HAVE_SYS_TYPES_H 1
#define HAVE_SYS_STAT_H 1
#define HAVE_STDLIB_H 1
#define HAVE_STRING_H 1
#define HAVE_MEMORY_H 1
#define HAVE_STRINGS_H 1
#define HAVE_INTTYPES_H 1
#define HAVE_STDINT_H 1
#define HAVE_UNISTD_H 1
#define HAVE_DLFCN_H 1
#define LT_OBJDIR ".libs/"

configure: exit 0

## ---------------------- ##
## Running config.status. ##
## ---------------------- ##

This file was extended by tag config.status 0.5.0, which was
generated by GNU Autoconf 2.69.  Invocation command line was

  CONFIG_FILES    = 
  CONFIG_HEADERS  = 
  CONFIG_LINKS    = 
  CONFIG_COMMANDS = 
  $ ./config.status 

on ThinkPad-T1337

config.status:1006: creating Makefile
config.status:1178: executing depfiles commands
config.status:1178: executing libtool commands

## ---------------------- ##
## Running config.status. ##
## ---------------------- ##

This file was extended by tag config.status 0.5.0, which was
generated by GNU Autoconf 2.69.  Invocation command line was

  CONFIG_FILES    = 
  CONFIG_HEADERS  = 
  CONFIG_LINKS    = 
  CONFIG_COMMANDS = 
  $ ./config.status Makefile depfiles

on ThinkPad-T1337

config.status:1006: creating Makefile
config.status:1178: executing depfiles commands

## ---------------------- ##
## Running config.status. ##
## ---------------------- ##

This file was extended by tag config.status 0.5.0, which was
generated by GNU Autoconf 2.69.  Invocation command line was

  CONFIG_FILES    = 
  CONFIG_HEADERS  = 
  CONFIG_LINKS    = 
  CONFIG_COMMANDS = 
  $ ./config.status Makefile depfiles

on ThinkPad-T1337

config.status:1006: creating Makefile
config.status:1178: executing depfiles commands
